{"/home/sincerefly/Works/Projects/node/mocha/index.js":{"path":"/home/sincerefly/Works/Projects/node/mocha/index.js","s":{"1":1,"2":182,"3":35,"4":147,"5":56,"6":91,"7":1,"8":90,"9":1,"10":89,"11":1,"12":88,"13":1,"14":0,"15":0,"16":1},"b":{"1":[35,147],"2":[56,91],"3":[1,90],"4":[1,89],"5":[1,88],"6":[0,1]},"f":{"1":182},"fnMap":{"1":{"name":"(anonymous_1)","line":1,"loc":{"start":{"line":1,"column":16},"end":{"line":1,"column":29}}}},"statementMap":{"1":{"start":{"line":1,"column":0},"end":{"line":18,"column":1}},"2":{"start":{"line":2,"column":2},"end":{"line":4,"column":3}},"3":{"start":{"line":3,"column":4},"end":{"line":3,"column":13}},"4":{"start":{"line":5,"column":2},"end":{"line":7,"column":3}},"5":{"start":{"line":6,"column":4},"end":{"line":6,"column":13}},"6":{"start":{"line":8,"column":2},"end":{"line":10,"column":3}},"7":{"start":{"line":9,"column":4},"end":{"line":9,"column":36}},"8":{"start":{"line":11,"column":2},"end":{"line":13,"column":3}},"9":{"start":{"line":12,"column":4},"end":{"line":12,"column":37}},"10":{"start":{"line":14,"column":2},"end":{"line":16,"column":3}},"11":{"start":{"line":15,"column":4},"end":{"line":15,"column":43}},"12":{"start":{"line":17,"column":2},"end":{"line":17,"column":41}},"13":{"start":{"line":20,"column":0},"end":{"line":23,"column":1}},"14":{"start":{"line":21,"column":2},"end":{"line":21,"column":34}},"15":{"start":{"line":22,"column":2},"end":{"line":22,"column":55}},"16":{"start":{"line":25,"column":0},"end":{"line":25,"column":30}}},"branchMap":{"1":{"line":2,"type":"if","locations":[{"start":{"line":2,"column":2},"end":{"line":2,"column":2}},{"start":{"line":2,"column":2},"end":{"line":2,"column":2}}]},"2":{"line":5,"type":"if","locations":[{"start":{"line":5,"column":2},"end":{"line":5,"column":2}},{"start":{"line":5,"column":2},"end":{"line":5,"column":2}}]},"3":{"line":8,"type":"if","locations":[{"start":{"line":8,"column":2},"end":{"line":8,"column":2}},{"start":{"line":8,"column":2},"end":{"line":8,"column":2}}]},"4":{"line":11,"type":"if","locations":[{"start":{"line":11,"column":2},"end":{"line":11,"column":2}},{"start":{"line":11,"column":2},"end":{"line":11,"column":2}}]},"5":{"line":14,"type":"if","locations":[{"start":{"line":14,"column":2},"end":{"line":14,"column":2}},{"start":{"line":14,"column":2},"end":{"line":14,"column":2}}]},"6":{"line":20,"type":"if","locations":[{"start":{"line":20,"column":0},"end":{"line":20,"column":0}},{"start":{"line":20,"column":0},"end":{"line":20,"column":0}}]}}}}